<?xml version="1.0" encoding="UTF-8"?><testsuite errors="1" failures="0" name="UITest" skipped="0" tests="1" time="14.23" timestamp="2016-09-263 06:01:34"><testcase classname="UITest" name="Succsessfully login"><error message="Timed out after 2 seconds. Element not found&#10;For documentation on this error, please visit: http://seleniumhq.org/exceptions/no_such_element.html&#10;Build info: version: '2.53.0', revision: '35ae25b1534ae328c771e0856c93e187490ca824', time: '2016-03-15 10:43:46'&#10;System info: host: 'DESKTOP-1HEAJNJ', ip: '10.37.9.238', os.name: 'Windows 10', os.arch: 'amd64', os.version: '10.0', java.version: '1.8.0_73'&#10;Driver info: driver.version: unknown" type="org.openqa.selenium.NoSuchElementException">Timed out after 2 seconds. Element not found
For documentation on this error, please visit: http://seleniumhq.org/exceptions/no_such_element.html
Build info: version: '2.53.0', revision: '35ae25b1534ae328c771e0856c93e187490ca824', time: '2016-03-15 10:43:46'
System info: host: 'DESKTOP-1HEAJNJ', ip: '10.37.9.238', os.name: 'Windows 10', os.arch: 'amd64', os.version: '10.0', java.version: '1.8.0_73'
Driver info: driver.version: unknown</error><system-err>Timed out after 2 seconds. Element not found
For documentation on this error, please visit: http://seleniumhq.org/exceptions/no_such_element.html
Build info: version: '2.53.0', revision: '35ae25b1534ae328c771e0856c93e187490ca824', time: '2016-03-15 10:43:46'
System info: host: 'DESKTOP-1HEAJNJ', ip: '10.37.9.238', os.name: 'Windows 10', os.arch: 'amd64', os.version: '10.0', java.version: '1.8.0_73'
Driver info: driver.version: unknown&#13;
uipages.AuthorizationPage.EnterUserEmail(AuthorizationPage.java:22)&#13;
uisteps.AuthorizationPageUser.EnterUserEmail(AuthorizationPageUser.java:18)&#13;
UITest.succsessfullyLogin(UITest.java:27)&#13;
</system-err></testcase></testsuite>